Using pre-set license
Built from '2020.3/release' branch; Version is '2020.3.2f1 (8fd9074bf66c) revision 9427207'; Using compiler version '192528614'; Build Type 'Release'
OS: 'Windows 10 Home; OS build 19042.1348; Version 2009; 64bit' Language: 'en' Physical Memory: 7959 MB
BatchMode: 1, IsHumanControllingUs: 0, StartBugReporterOnCrash: 0, Is64bit: 1, IsPro: 0

 COMMAND LINE ARGUMENTS:
D:\Unity Projects\2020.3.2f1\Editor\Unity.exe
-adb2
-batchMode
-noUpm
-name
AssetImportWorker12
-projectPath
C:/Users/polar/Desktop/Files/Game Development/VR Projects/Unity/VRMathWorld/Project
-logFile
Logs/AssetImportWorker12.log
-srvPort
52539
Successfully changed project path to: C:/Users/polar/Desktop/Files/Game Development/VR Projects/Unity/VRMathWorld/Project
C:/Users/polar/Desktop/Files/Game Development/VR Projects/Unity/VRMathWorld/Project
Using Asset Import Pipeline V2.
Refreshing native plugins compatible for Editor in 336.55 ms, found 4 plugins.
Preloading 1 native plugins for Editor in 1.82 ms.
Initialize engine version: 2020.3.2f1 (8fd9074bf66c)
[Subsystems] Discovering subsystems at path D:/Unity Projects/2020.3.2f1/Editor/Data/Resources/UnitySubsystems
[Subsystems] Discovering subsystems at path C:/Users/polar/Desktop/Files/Game Development/VR Projects/Unity/VRMathWorld/Project/Assets
GfxDevice: creating device client; threaded=0
Direct3D:
    Version:  Direct3D 11.0 [level 11.1]
    Renderer: Intel(R) UHD Graphics (ID=0x8a56)
    Vendor:   
    VRAM:     3979 MB
    Driver:   27.20.100.9365
Shader 'Universal Render Pipeline/Particles/Lit': fallback shader 'Universal Render Pipeline/Particles/SimpleLit' not found
Shader 'Oculus/OVRMRCameraFrameLit': fallback shader 'Alpha-Diffuse' not found
Initialize mono
Mono path[0] = 'D:/Unity Projects/2020.3.2f1/Editor/Data/Managed'
Mono path[1] = 'D:/Unity Projects/2020.3.2f1/Editor/Data/MonoBleedingEdge/lib/mono/unityjit'
Mono config path = 'D:/Unity Projects/2020.3.2f1/Editor/Data/MonoBleedingEdge/etc'
Using monoOptions --debugger-agent=transport=dt_socket,embedding=1,server=y,suspend=n,address=127.0.0.1:56548
Begin MonoManager ReloadAssembly
Registering precompiled unity dll's ...
Register platform support module: D:/Unity Projects/2020.3.2f1/Editor/Data/PlaybackEngines/WebGLSupport/UnityEditor.WebGL.Extensions.dll
Register platform support module: D:/Unity Projects/2020.3.2f1/Editor/Data/PlaybackEngines/WindowsStandaloneSupport/UnityEditor.WindowsStandalone.Extensions.dll
Registered in 0.016430 seconds.
Native extension for WindowsStandalone target not found
Native extension for WebGL target not found
Refreshing native plugins compatible for Editor in 156.95 ms, found 4 plugins.
Preloading 1 native plugins for Editor in 0.26 ms.
Invoked RoslynAnalysisRunner static constructor.
RoslynAnalysisRunner will not be running.
RoslynAnalysisRunner has terminated.
Mono: successfully reloaded assembly
- Completed reload, in 18.050 seconds
Platform modules already initialized, skipping
Registering precompiled user dll's ...
Registered in 0.015468 seconds.
Begin MonoManager ReloadAssembly
Native extension for WindowsStandalone target not found
Native extension for WebGL target not found
Refreshing native plugins compatible for Editor in 84.24 ms, found 4 plugins.
Preloading 1 native plugins for Editor in 0.14 ms.
Invoked RoslynAnalysisRunner static constructor.
RoslynAnalysisRunner will not be running.
RoslynAnalysisRunner has terminated.
[XR] OculusXRPlugin: registering subsystems
[XR] Unable to register display lifecyle provider: [1]
[XR] Oculus Input lifecycle provider registered.
[XR] Unable to register input lifecyle provider: [1]
[XR] OVRP version 1.61.0
Mono: successfully reloaded assembly
- Completed reload, in  1.294 seconds
Platform modules already initialized, skipping
========================================================================
Worker process is ready to serve import requests
Shader 'Universal Render Pipeline/Particles/Lit': fallback shader 'Universal Render Pipeline/Particles/SimpleLit' not found
Shader 'Oculus/OVRMRCameraFrameLit': fallback shader 'Alpha-Diffuse' not found
Launched and connected shader compiler UnityShaderCompiler.exe after 0.18 seconds
Refreshing native plugins compatible for Editor in 0.76 ms, found 4 plugins.
Preloading 1 native plugins for Editor in 0.18 ms.
Unloading 3082 Unused Serialized files (Serialized files now loaded: 0)
System memory in use before: 150.4 MB.
System memory in use after: 150.6 MB.

Unloading 36 unused Assets to reduce memory usage. Loaded Objects now: 3505.
Total: 2.374000 ms (FindLiveObjects: 0.389800 ms CreateObjectMapping: 0.112500 ms MarkObjects: 1.758900 ms  DeleteObjects: 0.111400 ms)

========================================================================
Received Import Request.
  path: Assets/Textures/Objects/Graph.png
  artifactKey: Guid(ae20d6b5e4c8a2047a879d6002a2fd2b) Importer(815301076,1909f56bfc062723c751e8b465ee728b)
Start importing Assets/Textures/Objects/Graph.png using Guid(ae20d6b5e4c8a2047a879d6002a2fd2b) Importer(815301076,1909f56bfc062723c751e8b465ee728b)  -> (artifact id: '8ade6cf4f5c726be7c2757038fea327b') in 0.245263 seconds
  Import took 0.255737 seconds .

========================================================================
Received Import Request.
  Time since last request: 0.000278 seconds.
  path: Assets/Textures/Objects/M Square.png
  artifactKey: Guid(a07388c0b39f2494f9c71e83dbab2a53) Importer(815301076,1909f56bfc062723c751e8b465ee728b)
Start importing Assets/Textures/Objects/M Square.png using Guid(a07388c0b39f2494f9c71e83dbab2a53) Importer(815301076,1909f56bfc062723c751e8b465ee728b)  -> (artifact id: '27b88efd368f7f1138979b08c6b34266') in 0.019555 seconds
  Import took 0.025263 seconds .

========================================================================
Received Import Request.
  Time since last request: 0.000235 seconds.
  path: Assets/Textures/Objects/Objects/Universal Cube/Blue Cube Face.png
  artifactKey: Guid(133326ddf03d39946a4079f3de8a2fc4) Importer(815301076,1909f56bfc062723c751e8b465ee728b)
Start importing Assets/Textures/Objects/Objects/Universal Cube/Blue Cube Face.png using Guid(133326ddf03d39946a4079f3de8a2fc4) Importer(815301076,1909f56bfc062723c751e8b465ee728b)  -> (artifact id: 'bb59c4809f466379b1558d37131cfabf') in 0.018643 seconds
  Import took 0.024431 seconds .

========================================================================
Received Import Request.
  Time since last request: 0.000273 seconds.
  path: Assets/Textures/Objects/B Square.png
  artifactKey: Guid(006a0fd5d23d7054e903ec59d74f5db3) Importer(815301076,1909f56bfc062723c751e8b465ee728b)
Start importing Assets/Textures/Objects/B Square.png using Guid(006a0fd5d23d7054e903ec59d74f5db3) Importer(815301076,1909f56bfc062723c751e8b465ee728b)  -> (artifact id: 'eb6f6f2525d0326a8db5d2cfb0315cb8') in 0.018804 seconds
  Import took 0.025147 seconds .

========================================================================
Received Import Request.
  Time since last request: 0.000238 seconds.
  path: Assets/Materials/Objects/Buttons/B Value.mat
  artifactKey: Guid(1ef4d709f9806cf4e8d841c79612f880) Importer(815301076,1909f56bfc062723c751e8b465ee728b)
Start importing Assets/Materials/Objects/Buttons/B Value.mat using Guid(1ef4d709f9806cf4e8d841c79612f880) Importer(815301076,1909f56bfc062723c751e8b465ee728b)  -> (artifact id: 'dcb18e65f36f369a1620592d1508b27d') in 0.835376 seconds
  Import took 0.841085 seconds .

========================================================================
Received Import Request.
  Time since last request: 0.000367 seconds.
  path: Assets/Textures/Objects/Objects/Buttons/Add Button.png
  artifactKey: Guid(777f769961979d047ab4f95c77e84246) Importer(815301076,1909f56bfc062723c751e8b465ee728b)
Start importing Assets/Textures/Objects/Objects/Buttons/Add Button.png using Guid(777f769961979d047ab4f95c77e84246) Importer(815301076,1909f56bfc062723c751e8b465ee728b)  -> (artifact id: 'da8cd8b86fb1f759d6fdeb4d269c0c11') in 0.111040 seconds
  Import took 0.119733 seconds .

========================================================================
Received Import Request.
  Time since last request: 0.000230 seconds.
  path: Assets/Textures/Objects/X Square.png
  artifactKey: Guid(a0650b01923b41440b39325afeb1bc49) Importer(815301076,1909f56bfc062723c751e8b465ee728b)
Start importing Assets/Textures/Objects/X Square.png using Guid(a0650b01923b41440b39325afeb1bc49) Importer(815301076,1909f56bfc062723c751e8b465ee728b)  -> (artifact id: 'dc061a898b2bac5a9880292a50097927') in 0.041273 seconds
  Import took 0.050602 seconds .

========================================================================
Received Prepare
Registering precompiled user dll's ...
Registered in 0.005277 seconds.
Begin MonoManager ReloadAssembly
Native extension for WindowsStandalone target not found
Native extension for WebGL target not found
Refreshing native plugins compatible for Editor in 1.59 ms, found 4 plugins.
Preloading 1 native plugins for Editor in 0.24 ms.
Invoked RoslynAnalysisRunner static constructor.
RoslynAnalysisRunner will not be running.
RoslynAnalysisRunner has terminated.
Mono: successfully reloaded assembly
- Completed reload, in  1.403 seconds
Platform modules already initialized, skipping
Switching build target platform(5) subTarget(0) extendedPlatform(0) -> platform(13) subTarget(524288) extendedPlatform(0)
Shader 'Universal Render Pipeline/Particles/Lit': fallback shader 'Universal Render Pipeline/Particles/SimpleLit' not found
Shader 'Oculus/OVRMRCameraFrameLit': fallback shader 'Alpha-Diffuse' not found
Refreshing native plugins compatible for Editor in 0.86 ms, found 4 plugins.
Preloading 1 native plugins for Editor in 0.11 ms.
Unloading 2906 Unused Serialized files (Serialized files now loaded: 0)
System memory in use before: 141.2 MB.
System memory in use after: 141.4 MB.

Unloading 31 unused Assets to reduce memory usage. Loaded Objects now: 3588.
Total: 2.839700 ms (FindLiveObjects: 0.300600 ms CreateObjectMapping: 0.128100 ms MarkObjects: 2.304000 ms  DeleteObjects: 0.105100 ms)

AssetImportParameters requested are different than current active one (requested -> active):
  custom:graphics/normal-map-encoding: 01000000000000000000000000000000 -> 02000000000000000000000000000000
========================================================================
Received Prepare
Registering precompiled user dll's ...
Registered in 0.018007 seconds.
Begin MonoManager ReloadAssembly
Native extension for WindowsStandalone target not found
Native extension for WebGL target not found
Refreshing native plugins compatible for Editor in 0.74 ms, found 4 plugins.
Preloading 1 native plugins for Editor in 0.19 ms.
Invoked RoslynAnalysisRunner static constructor.
RoslynAnalysisRunner will not be running.
RoslynAnalysisRunner has terminated.
Mono: successfully reloaded assembly
- Completed reload, in  2.303 seconds
Platform modules already initialized, skipping
Switching build target platform(5) subTarget(0) extendedPlatform(0) -> platform(13) subTarget(524288) extendedPlatform(0)
Shader 'Universal Render Pipeline/Particles/Lit': fallback shader 'Universal Render Pipeline/Particles/SimpleLit' not found
Shader 'Oculus/OVRMRCameraFrameLit': fallback shader 'Alpha-Diffuse' not found
Refreshing native plugins compatible for Editor in 0.90 ms, found 4 plugins.
Preloading 1 native plugins for Editor in 0.09 ms.
Unloading 2906 Unused Serialized files (Serialized files now loaded: 0)
System memory in use before: 141.3 MB.
System memory in use after: 141.5 MB.

Unloading 31 unused Assets to reduce memory usage. Loaded Objects now: 3592.
Total: 2.884700 ms (FindLiveObjects: 0.472300 ms CreateObjectMapping: 0.159200 ms MarkObjects: 2.172300 ms  DeleteObjects: 0.080000 ms)

AssetImportParameters requested are different than current active one (requested -> active):
  custom:graphics/normal-map-encoding: 01000000000000000000000000000000 -> 02000000000000000000000000000000
========================================================================
Received Prepare
Shader 'Universal Render Pipeline/Particles/Lit': fallback shader 'Universal Render Pipeline/Particles/SimpleLit' not found
Shader 'Oculus/OVRMRCameraFrameLit': fallback shader 'Alpha-Diffuse' not found
Refreshing native plugins compatible for Editor in 23.98 ms, found 4 plugins.
Preloading 1 native plugins for Editor in 0.14 ms.
Unloading 28 Unused Serialized files (Serialized files now loaded: 0)
System memory in use before: 85.0 MB.
System memory in use after: 85.2 MB.

Unloading 28 unused Assets to reduce memory usage. Loaded Objects now: 3592.
Total: 5.420000 ms (FindLiveObjects: 0.663500 ms CreateObjectMapping: 0.320300 ms MarkObjects: 4.289900 ms  DeleteObjects: 0.142100 ms)

