Using pre-set license
Built from '2020.3/release' branch; Version is '2020.3.2f1 (8fd9074bf66c) revision 9427207'; Using compiler version '192528614'; Build Type 'Release'
OS: 'Windows 10 Home; OS build 19042.1348; Version 2009; 64bit' Language: 'en' Physical Memory: 7959 MB
BatchMode: 1, IsHumanControllingUs: 0, StartBugReporterOnCrash: 0, Is64bit: 1, IsPro: 0

 COMMAND LINE ARGUMENTS:
D:\Unity Projects\2020.3.2f1\Editor\Unity.exe
-adb2
-batchMode
-noUpm
-name
AssetImportWorker68
-projectPath
C:/Users/polar/Desktop/Files/Game Development/VR Projects/Unity/VRMathWorld/Project
-logFile
Logs/AssetImportWorker68.log
-srvPort
62695
Successfully changed project path to: C:/Users/polar/Desktop/Files/Game Development/VR Projects/Unity/VRMathWorld/Project
C:/Users/polar/Desktop/Files/Game Development/VR Projects/Unity/VRMathWorld/Project
Using Asset Import Pipeline V2.
Refreshing native plugins compatible for Editor in 579.54 ms, found 4 plugins.
Preloading 1 native plugins for Editor in 23.09 ms.
Initialize engine version: 2020.3.2f1 (8fd9074bf66c)
[Subsystems] Discovering subsystems at path D:/Unity Projects/2020.3.2f1/Editor/Data/Resources/UnitySubsystems
[Subsystems] Discovering subsystems at path C:/Users/polar/Desktop/Files/Game Development/VR Projects/Unity/VRMathWorld/Project/Assets
GfxDevice: creating device client; threaded=0
Direct3D:
    Version:  Direct3D 11.0 [level 11.1]
    Renderer: Intel(R) UHD Graphics (ID=0x8a56)
    Vendor:   
    VRAM:     3979 MB
    Driver:   27.20.100.9365
